ARM GAS  F:\msys64\tmp\cc4lJun8.s 			page 1


   1              		.cpu cortex-m4
   2              		.arch armv7e-m
   3              		.fpu fpv4-sp-d16
   4              		.eabi_attribute 27, 1
   5              		.eabi_attribute 28, 1
   6              		.eabi_attribute 20, 1
   7              		.eabi_attribute 21, 1
   8              		.eabi_attribute 23, 3
   9              		.eabi_attribute 24, 1
  10              		.eabi_attribute 25, 1
  11              		.eabi_attribute 26, 1
  12              		.eabi_attribute 30, 1
  13              		.eabi_attribute 34, 1
  14              		.eabi_attribute 18, 4
  15              		.file	"gpio.c"
  16              		.text
  17              	.Ltext0:
  18              		.cfi_sections	.debug_frame
  19              		.section	.text.MX_GPIO_Init,"ax",%progbits
  20              		.align	1
  21              		.global	MX_GPIO_Init
  22              		.syntax unified
  23              		.thumb
  24              		.thumb_func
  26              	MX_GPIO_Init:
  27              	.LFB132:
  28              		.file 1 "Core/Src/gpio.c"
   1:Core/Src/gpio.c **** /* USER CODE BEGIN Header */
   2:Core/Src/gpio.c **** /**
   3:Core/Src/gpio.c ****   ******************************************************************************
   4:Core/Src/gpio.c ****   * @file    gpio.c
   5:Core/Src/gpio.c ****   * @brief   This file provides code for the configuration
   6:Core/Src/gpio.c ****   *          of all used GPIO pins.
   7:Core/Src/gpio.c ****   ******************************************************************************
   8:Core/Src/gpio.c ****   * @attention
   9:Core/Src/gpio.c ****   *
  10:Core/Src/gpio.c ****   * Copyright (c) 2024 STMicroelectronics.
  11:Core/Src/gpio.c ****   * All rights reserved.
  12:Core/Src/gpio.c ****   *
  13:Core/Src/gpio.c ****   * This software is licensed under terms that can be found in the LICENSE file
  14:Core/Src/gpio.c ****   * in the root directory of this software component.
  15:Core/Src/gpio.c ****   * If no LICENSE file comes with this software, it is provided AS-IS.
  16:Core/Src/gpio.c ****   *
  17:Core/Src/gpio.c ****   ******************************************************************************
  18:Core/Src/gpio.c ****   */
  19:Core/Src/gpio.c **** /* USER CODE END Header */
  20:Core/Src/gpio.c **** 
  21:Core/Src/gpio.c **** /* Includes ------------------------------------------------------------------*/
  22:Core/Src/gpio.c **** #include "gpio.h"
  23:Core/Src/gpio.c **** 
  24:Core/Src/gpio.c **** /* USER CODE BEGIN 0 */
  25:Core/Src/gpio.c **** 
  26:Core/Src/gpio.c **** /* USER CODE END 0 */
  27:Core/Src/gpio.c **** 
  28:Core/Src/gpio.c **** /*----------------------------------------------------------------------------*/
  29:Core/Src/gpio.c **** /* Configure GPIO                                                             */
  30:Core/Src/gpio.c **** /*----------------------------------------------------------------------------*/
ARM GAS  F:\msys64\tmp\cc4lJun8.s 			page 2


  31:Core/Src/gpio.c **** /* USER CODE BEGIN 1 */
  32:Core/Src/gpio.c **** 
  33:Core/Src/gpio.c **** /* USER CODE END 1 */
  34:Core/Src/gpio.c **** 
  35:Core/Src/gpio.c **** /** Configure pins as
  36:Core/Src/gpio.c ****         * Analog
  37:Core/Src/gpio.c ****         * Input
  38:Core/Src/gpio.c ****         * Output
  39:Core/Src/gpio.c ****         * EVENT_OUT
  40:Core/Src/gpio.c ****         * EXTI
  41:Core/Src/gpio.c **** */
  42:Core/Src/gpio.c **** void MX_GPIO_Init(void)
  43:Core/Src/gpio.c **** {
  29              		.loc 1 43 1 view -0
  30              		.cfi_startproc
  31              		@ args = 0, pretend = 0, frame = 24
  32              		@ frame_needed = 0, uses_anonymous_args = 0
  33 0000 10B5     		push	{r4, lr}
  34              	.LCFI0:
  35              		.cfi_def_cfa_offset 8
  36              		.cfi_offset 4, -8
  37              		.cfi_offset 14, -4
  38 0002 86B0     		sub	sp, sp, #24
  39              	.LCFI1:
  40              		.cfi_def_cfa_offset 32
  44:Core/Src/gpio.c ****   GPIO_InitTypeDef GPIO_InitStruct = {0};
  41              		.loc 1 44 3 view .LVU1
  42              		.loc 1 44 20 is_stmt 0 view .LVU2
  43 0004 0024     		movs	r4, #0
  44 0006 0194     		str	r4, [sp, #4]
  45 0008 0294     		str	r4, [sp, #8]
  46 000a 0394     		str	r4, [sp, #12]
  47 000c 0494     		str	r4, [sp, #16]
  48 000e 0594     		str	r4, [sp, #20]
  45:Core/Src/gpio.c ****   /* GPIO Ports Clock Enable */
  46:Core/Src/gpio.c ****   __HAL_RCC_GPIOA_CLK_ENABLE();
  49              		.loc 1 46 3 is_stmt 1 view .LVU3
  50              	.LBB2:
  51              		.loc 1 46 3 view .LVU4
  52              		.loc 1 46 3 view .LVU5
  53 0010 0E4B     		ldr	r3, .L3
  54 0012 DA6C     		ldr	r2, [r3, #76]
  55 0014 42F00102 		orr	r2, r2, #1
  56 0018 DA64     		str	r2, [r3, #76]
  57              		.loc 1 46 3 view .LVU6
  58 001a DB6C     		ldr	r3, [r3, #76]
  59 001c 03F00103 		and	r3, r3, #1
  60 0020 0093     		str	r3, [sp]
  61              		.loc 1 46 3 view .LVU7
  62 0022 009B     		ldr	r3, [sp]
  63              	.LBE2:
  64              		.loc 1 46 3 view .LVU8
  47:Core/Src/gpio.c **** 
  48:Core/Src/gpio.c ****   /*Configure GPIO pin Output Level */
  49:Core/Src/gpio.c ****   HAL_GPIO_WritePin(LED_GPIO_Port, LED_Pin, GPIO_PIN_RESET);
  65              		.loc 1 49 3 view .LVU9
  66 0024 2246     		mov	r2, r4
ARM GAS  F:\msys64\tmp\cc4lJun8.s 			page 3


  67 0026 2021     		movs	r1, #32
  68 0028 4FF09040 		mov	r0, #1207959552
  69 002c FFF7FEFF 		bl	HAL_GPIO_WritePin
  70              	.LVL0:
  50:Core/Src/gpio.c **** 
  51:Core/Src/gpio.c ****   /*Configure GPIO pin : PtPin */
  52:Core/Src/gpio.c ****   GPIO_InitStruct.Pin = LED_Pin;
  71              		.loc 1 52 3 view .LVU10
  72              		.loc 1 52 23 is_stmt 0 view .LVU11
  73 0030 2023     		movs	r3, #32
  74 0032 0193     		str	r3, [sp, #4]
  53:Core/Src/gpio.c ****   GPIO_InitStruct.Mode = GPIO_MODE_OUTPUT_PP;
  75              		.loc 1 53 3 is_stmt 1 view .LVU12
  76              		.loc 1 53 24 is_stmt 0 view .LVU13
  77 0034 0123     		movs	r3, #1
  78 0036 0293     		str	r3, [sp, #8]
  54:Core/Src/gpio.c ****   GPIO_InitStruct.Pull = GPIO_NOPULL;
  79              		.loc 1 54 3 is_stmt 1 view .LVU14
  80              		.loc 1 54 24 is_stmt 0 view .LVU15
  81 0038 0394     		str	r4, [sp, #12]
  55:Core/Src/gpio.c ****   GPIO_InitStruct.Speed = GPIO_SPEED_FREQ_LOW;
  82              		.loc 1 55 3 is_stmt 1 view .LVU16
  83              		.loc 1 55 25 is_stmt 0 view .LVU17
  84 003a 0494     		str	r4, [sp, #16]
  56:Core/Src/gpio.c ****   HAL_GPIO_Init(LED_GPIO_Port, &GPIO_InitStruct);
  85              		.loc 1 56 3 is_stmt 1 view .LVU18
  86 003c 01A9     		add	r1, sp, #4
  87 003e 4FF09040 		mov	r0, #1207959552
  88 0042 FFF7FEFF 		bl	HAL_GPIO_Init
  89              	.LVL1:
  57:Core/Src/gpio.c ****   
  58:Core/Src/gpio.c **** 
  59:Core/Src/gpio.c **** }
  90              		.loc 1 59 1 is_stmt 0 view .LVU19
  91 0046 06B0     		add	sp, sp, #24
  92              	.LCFI2:
  93              		.cfi_def_cfa_offset 8
  94              		@ sp needed
  95 0048 10BD     		pop	{r4, pc}
  96              	.L4:
  97 004a 00BF     		.align	2
  98              	.L3:
  99 004c 00100240 		.word	1073876992
 100              		.cfi_endproc
 101              	.LFE132:
 103              		.text
 104              	.Letext0:
 105              		.file 2 "f:\\stm32\\win-dev-tools\\gcc-arm-none-eabi\\arm-none-eabi\\include\\machine\\_default_ty
 106              		.file 3 "f:\\stm32\\win-dev-tools\\gcc-arm-none-eabi\\arm-none-eabi\\include\\sys\\_stdint.h"
 107              		.file 4 "Drivers/CMSIS/Device/ST/STM32G4xx/Include/stm32g474xx.h"
 108              		.file 5 "Drivers/STM32G4xx_HAL_Driver/Inc/stm32g4xx_hal_gpio.h"
ARM GAS  F:\msys64\tmp\cc4lJun8.s 			page 4


DEFINED SYMBOLS
                            *ABS*:00000000 gpio.c
F:\msys64\tmp\cc4lJun8.s:20     .text.MX_GPIO_Init:00000000 $t
F:\msys64\tmp\cc4lJun8.s:26     .text.MX_GPIO_Init:00000000 MX_GPIO_Init
F:\msys64\tmp\cc4lJun8.s:99     .text.MX_GPIO_Init:0000004c $d

UNDEFINED SYMBOLS
HAL_GPIO_WritePin
HAL_GPIO_Init
